<?xml version="1.0" encoding="UTF-8"?>
<testsuite name="Regression Test"
           tests="2"
           failures="0"
           errors="0"
           skipped="0"
           time="1.235">
  <properties />
  
  
            <testcase name="userShouldLoginSuccessfullyWithValidCredentials" time="0.629" classname="com.saucedemo.testsuite.LoginPageTest" />
                <testcase name="verifyThatSixProductsAreDisplayedOnPage" time="0.606" classname="com.saucedemo.testsuite.LoginPageTest" />
      
</testsuite>
